Run configuration:
Start time: 2023-01-12_23-13-03
Seed: 2
Number of generations: 1000
Population size: 10000
CPU Threads number: 100
Evaluation goal: 1
____________________________________________________
Special options: 
Offspring population size: 10000
Mutation probability: 1
Crossover probability: 1
Selection operator: Tournament
Selection pressure: 2
Reduce parent pressure: 2
Reduce offspring pressure: 2
Reduce parents operator: Tournament
Reduce offspring operator: Tournament
Surviving parents: 10000
Surviving offspring: 10000
Replacement operator: Tournament
Replacement pressure: 2
Elitism: 1
Elite size: 1
____________________________________________________
Remote island model: 
Remote island model: 0
Ip file: ip.txt
Migration probability: 0.3
Server port: 2929
Reevaluate immigrants: 0
_____________________________________________________
Result: 
Best fitness: 7.53423e+29
Best individual: 
1.47465e+10 32629.6 1.9784e+32 5.8339e+26 7.53423e+29


Elapsed time: 42.9192 s
_____________________________________________________
User's messages: 

